<?xml version="1.0" encoding="UTF-8"?>
<testsuite xmlns:xsi="http://www.w3.org/2001/XMLSchema-instance" xsi:noNamespaceSchemaLocation="https://maven.apache.org/surefire/maven-surefire-plugin/xsd/surefire-test-report-3.0.xsd" version="3.0" name="TestSuite" time="0.784" tests="12" errors="0" skipped="0" failures="0">
  <properties>
    <property name="sun.desktop" value="windows"/>
    <property name="awt.toolkit" value="sun.awt.windows.WToolkit"/>
    <property name="file.encoding.pkg" value="sun.io"/>
    <property name="java.specification.version" value="1.8"/>
    <property name="sun.cpu.isalist" value="amd64"/>
    <property name="sun.jnu.encoding" value="Cp1252"/>
    <property name="java.class.path" value="D:\InterviewQuestions\RuntestngXmlFromPOM\target\test-classes;D:\InterviewQuestions\RuntestngXmlFromPOM\target\classes;C:\Users\smaamir\.m2\repository\org\testng\testng\6.8.3\testng-6.8.3.jar;C:\Users\smaamir\.m2\repository\junit\junit\4.10\junit-4.10.jar;C:\Users\smaamir\.m2\repository\org\hamcrest\hamcrest-core\1.1\hamcrest-core-1.1.jar;C:\Users\smaamir\.m2\repository\org\beanshell\bsh\2.0b4\bsh-2.0b4.jar;C:\Users\smaamir\.m2\repository\com\beust\jcommander\1.27\jcommander-1.27.jar;C:\Users\smaamir\.m2\repository\org\yaml\snakeyaml\1.6\snakeyaml-1.6.jar;"/>
    <property name="java.vm.vendor" value="Oracle Corporation"/>
    <property name="sun.arch.data.model" value="64"/>
    <property name="user.variant" value=""/>
    <property name="java.vendor.url" value="http://java.oracle.com/"/>
    <property name="user.timezone" value="Asia/Calcutta"/>
    <property name="java.vm.specification.version" value="1.8"/>
    <property name="os.name" value="Windows 10"/>
    <property name="user.country" value="US"/>
    <property name="sun.java.launcher" value="SUN_STANDARD"/>
    <property name="sun.boot.library.path" value="C:\Program Files\Java\jdk1.8.0_231\jre\bin"/>
    <property name="sun.java.command" value="C:\Users\smaamir\AppData\Local\Temp\surefire975912305472015476\surefirebooter1837238698109424056.jar C:\Users\smaamir\AppData\Local\Temp\surefire975912305472015476 2020-07-03T15-42-58_513-jvmRun1 surefire1160439854137879830tmp surefire_0182084412071939123tmp"/>
    <property name="surefire.test.class.path" value="D:\InterviewQuestions\RuntestngXmlFromPOM\target\test-classes;D:\InterviewQuestions\RuntestngXmlFromPOM\target\classes;C:\Users\smaamir\.m2\repository\org\testng\testng\6.8.3\testng-6.8.3.jar;C:\Users\smaamir\.m2\repository\junit\junit\4.10\junit-4.10.jar;C:\Users\smaamir\.m2\repository\org\hamcrest\hamcrest-core\1.1\hamcrest-core-1.1.jar;C:\Users\smaamir\.m2\repository\org\beanshell\bsh\2.0b4\bsh-2.0b4.jar;C:\Users\smaamir\.m2\repository\com\beust\jcommander\1.27\jcommander-1.27.jar;C:\Users\smaamir\.m2\repository\org\yaml\snakeyaml\1.6\snakeyaml-1.6.jar;"/>
    <property name="sun.cpu.endian" value="little"/>
    <property name="user.home" value="C:\Users\smaamir"/>
    <property name="user.language" value="en"/>
    <property name="java.specification.vendor" value="Oracle Corporation"/>
    <property name="java.home" value="C:\Program Files\Java\jdk1.8.0_231\jre"/>
    <property name="basedir" value="D:\InterviewQuestions\RuntestngXmlFromPOM"/>
    <property name="file.separator" value="\"/>
    <property name="line.separator" value="&#10;"/>
    <property name="java.vm.specification.vendor" value="Oracle Corporation"/>
    <property name="java.specification.name" value="Java Platform API Specification"/>
    <property name="java.awt.graphicsenv" value="sun.awt.Win32GraphicsEnvironment"/>
    <property name="surefire.real.class.path" value="C:\Users\smaamir\AppData\Local\Temp\surefire975912305472015476\surefirebooter1837238698109424056.jar"/>
    <property name="sun.boot.class.path" value="C:\Program Files\Java\jdk1.8.0_231\jre\lib\resources.jar;C:\Program Files\Java\jdk1.8.0_231\jre\lib\rt.jar;C:\Program Files\Java\jdk1.8.0_231\jre\lib\sunrsasign.jar;C:\Program Files\Java\jdk1.8.0_231\jre\lib\jsse.jar;C:\Program Files\Java\jdk1.8.0_231\jre\lib\jce.jar;C:\Program Files\Java\jdk1.8.0_231\jre\lib\charsets.jar;C:\Program Files\Java\jdk1.8.0_231\jre\lib\jfr.jar;C:\Program Files\Java\jdk1.8.0_231\jre\classes"/>
    <property name="user.script" value=""/>
    <property name="sun.management.compiler" value="HotSpot 64-Bit Tiered Compilers"/>
    <property name="java.runtime.version" value="1.8.0_231-b11"/>
    <property name="user.name" value="smaamir"/>
    <property name="path.separator" value=";"/>
    <property name="os.version" value="10.0"/>
    <property name="java.endorsed.dirs" value="C:\Program Files\Java\jdk1.8.0_231\jre\lib\endorsed"/>
    <property name="java.runtime.name" value="Java(TM) SE Runtime Environment"/>
    <property name="file.encoding" value="Cp1252"/>
    <property name="java.vm.name" value="Java HotSpot(TM) 64-Bit Server VM"/>
    <property name="localRepository" value="C:\Users\smaamir\.m2\repository"/>
    <property name="java.vendor.url.bug" value="http://bugreport.sun.com/bugreport/"/>
    <property name="java.io.tmpdir" value="C:\Users\smaamir\AppData\Local\Temp\"/>
    <property name="java.version" value="1.8.0_231"/>
    <property name="user.dir" value="D:\InterviewQuestions\RuntestngXmlFromPOM"/>
    <property name="os.arch" value="amd64"/>
    <property name="java.vm.specification.name" value="Java Virtual Machine Specification"/>
    <property name="java.awt.printerjob" value="sun.awt.windows.WPrinterJob"/>
    <property name="sun.os.patch.level" value=""/>
    <property name="java.library.path" value="C:\Program Files\Java\jdk1.8.0_231\jre\bin;C:\WINDOWS\Sun\Java\bin;C:\WINDOWS\system32;C:\WINDOWS;C:/Program Files/Java/jre1.8.0_231/bin/server;C:/Program Files/Java/jre1.8.0_231/bin;C:/Program Files/Java/jre1.8.0_231/lib/amd64;C:\Program Files (x86)\Common Files\Oracle\Java\javapath;C:\WINDOWS\system32;C:\WINDOWS;C:\WINDOWS\System32\Wbem;C:\WINDOWS\System32\WindowsPowerShell\v1.0\;C:\WINDOWS\System32\OpenSSH\;C:\Program Files\Intel\WiFi\bin\;C:\Program Files\Common Files\Intel\WirelessCommon\;C:\Program Files (x86)\Sennheiser\SoftphoneSDK\;C:\Program Files\Java\jdk1.8.0_231\bin;C:\Program Files\CrashPlan\jre\bin\server\;C:\Program Files\CrashPlan\jre\bin\;C:\Program Files\TortoiseSVN\bin;C:\Program Files\Git\cmd;D:\apache-maven-3.6.3-bin\apache-maven-3.6.3\bin;C:\Program Files\nodejs\;C:\Users\smaamir\AppData\Local\Microsoft\WindowsApps;;C:\Users\smaamir\AppData\Local\Programs\Fiddler;C:\Users\smaamir\AppData\Local\Microsoft\WindowsApps;C:\Users\smaamir\AppData\Local\Programs\Microsoft VS Code\bin;C:\Users\smaamir\AppData\Roaming\npm;C:\Users\smaamir\Downloads\eclipse-java-oxygen-3a-win32-x86_64 (1)\eclipse;;."/>
    <property name="java.vm.info" value="mixed mode"/>
    <property name="java.vendor" value="Oracle Corporation"/>
    <property name="java.vm.version" value="25.231-b11"/>
    <property name="java.ext.dirs" value="C:\Program Files\Java\jdk1.8.0_231\jre\lib\ext;C:\WINDOWS\Sun\Java\lib\ext"/>
    <property name="sun.io.unicode.encoding" value="UnicodeLittle"/>
    <property name="java.class.version" value="52.0"/>
  </properties>
  <testcase name="testFive" classname="mynewpackage.MyCasesnew" time="0.009">
    <system-out><![CDATA[this is my fifth test1
]]></system-out>
  </testcase>
  <testcase name="testFour" classname="mynewpackage.MyCasesnew" time="0">
    <system-out><![CDATA[this is my fourth test1
]]></system-out>
  </testcase>
  <testcase name="testOne" classname="mynewpackage.MyCasesnew" time="0">
    <system-out><![CDATA[this is my first test1
]]></system-out>
  </testcase>
  <testcase name="testSix" classname="mynewpackage.MyCasesnew" time="0">
    <system-out><![CDATA[this is my sixth test1
]]></system-out>
  </testcase>
  <testcase name="testThree" classname="mynewpackage.MyCasesnew" time="0">
    <system-out><![CDATA[this is my third test1
]]></system-out>
  </testcase>
  <testcase name="testTwo" classname="mynewpackage.MyCasesnew" time="0.001">
    <system-out><![CDATA[this is my second test1
]]></system-out>
  </testcase>
  <testcase name="testFive" classname="mynewpackage.MyCases" time="0">
    <system-out><![CDATA[this is my fifth test
]]></system-out>
  </testcase>
  <testcase name="testFour" classname="mynewpackage.MyCases" time="0">
    <system-out><![CDATA[this is my fourth test
]]></system-out>
  </testcase>
  <testcase name="testOne" classname="mynewpackage.MyCases" time="0">
    <system-out><![CDATA[this is my first test
]]></system-out>
  </testcase>
  <testcase name="testSix" classname="mynewpackage.MyCases" time="0.001">
    <system-out><![CDATA[this is my sixth test
]]></system-out>
  </testcase>
  <testcase name="testThree" classname="mynewpackage.MyCases" time="0">
    <system-out><![CDATA[this is my third test
]]></system-out>
  </testcase>
  <testcase name="testTwo" classname="mynewpackage.MyCases" time="0">
    <system-out><![CDATA[this is my second test
]]></system-out>
  </testcase>
</testsuite>