<?xml version="1.0" encoding="UTF-8"?>
<!-- Generated by org.testng.reporters.JUnitReportReporter -->
<testsuite hostname="SMAAMIR-IN" name="MyCases" tests="6" failures="0" timestamp="3 Jul 2020 05:47:02 GMT" time="0.038" errors="0">
  <testcase name="testOne" time="0.003" classname="MyCases"/>
  <testcase name="testSix" time="0.002" classname="MyCases"/>
  <testcase name="testTwo" time="0.002" classname="MyCases"/>
  <testcase name="testFive" time="0.027" classname="MyCases"/>
  <testcase name="testThree" time="0.002" classname="MyCases"/>
  <testcase name="testFour" time="0.002" classname="MyCases"/>
</testsuite> <!-- MyCases -->
