<?xml version="1.0" encoding="UTF-8"?>
<!-- Generated by org.testng.reporters.JUnitReportReporter -->
<testsuite hostname="SMAAMIR-IN" name="mynewpackage.MyCasesnew" tests="6" failures="0" timestamp="3 Jul 2020 10:13:00 GMT" time="0.009" errors="0">
  <testcase name="testFour" time="0.000" classname="mynewpackage.MyCasesnew"/>
  <testcase name="testSix" time="0.000" classname="mynewpackage.MyCasesnew"/>
  <testcase name="testThree" time="0.000" classname="mynewpackage.MyCasesnew"/>
  <testcase name="testTwo" time="0.000" classname="mynewpackage.MyCasesnew"/>
  <testcase name="testOne" time="0.000" classname="mynewpackage.MyCasesnew"/>
  <testcase name="testFive" time="0.009" classname="mynewpackage.MyCasesnew"/>
</testsuite> <!-- mynewpackage.MyCasesnew -->
